<?xml version="1.0" encoding="UTF-8"?>
<testng-results ignored="0" total="1" passed="1" failed="0" skipped="0">
  <reporter-output>
  </reporter-output>
  <suite started-at="2023-03-13T16:39:51 IST" name="Default suite" finished-at="2023-03-13T16:39:51 IST" duration-ms="72">
    <groups>
    </groups>
    <test started-at="2023-03-13T16:39:51 IST" name="Default test" finished-at="2023-03-13T16:39:51 IST" duration-ms="72">
      <class name="USTBatchNo3.TestNG.ConstructionSamudhraTest">
        <test-method signature="Construction()[pri:0, instance:USTBatchNo3.TestNG.ConstructionSamudhraTest@56de5251]" started-at="2023-03-13T16:39:51 IST" name="Construction" finished-at="2023-03-13T16:39:51 IST" duration-ms="18" status="PASS">
          <reporter-output>
          </reporter-output>
        </test-method> <!-- Construction -->
      </class> <!-- USTBatchNo3.TestNG.ConstructionSamudhraTest -->
    </test> <!-- Default test -->
  </suite> <!-- Default suite -->
</testng-results>
